This file contains any messages produced by compilers while
running configure, to aid debugging if configure makes a mistake.

It was created by DISD configure 0.0.1, which was
generated by GNU Autoconf 2.67.  Invocation command line was

  $ ./configure 

## --------- ##
## Platform. ##
## --------- ##

hostname = i4k-H34
uname -m = x86_64
uname -r = 2.6.35-29-generic
uname -s = Linux
uname -v = #51-Ubuntu SMP Fri Apr 15 17:12:35 UTC 2011

/usr/bin/uname -p = unknown
/bin/uname -X     = unknown

/bin/arch              = unknown
/usr/bin/arch -k       = unknown
/usr/convex/getsysinfo = unknown
/usr/bin/hostinfo      = unknown
/bin/machine           = unknown
/usr/bin/oslevel       = unknown
/bin/universe          = unknown

PATH: /usr/local/sbin
PATH: /usr/local/bin
PATH: /usr/sbin
PATH: /usr/bin
PATH: /sbin
PATH: /bin
PATH: /usr/games
PATH: /usr/local/xtools/bin
PATH: /usr/local/xtools/bin


## ----------- ##
## Core tests. ##
## ----------- ##

configure:1796: checking for a BSD-compatible install
configure:1864: result: /usr/bin/install -c
configure:1875: checking whether build environment is sane
configure:1925: result: yes
configure:2066: checking for a thread-safe mkdir -p
configure:2105: result: /bin/mkdir -p
configure:2118: checking for gawk
configure:2134: found /usr/bin/gawk
configure:2145: result: gawk
configure:2156: checking whether make sets $(MAKE)
configure:2178: result: yes
configure:2311: checking for gcc
configure:2327: found /usr/bin/gcc
configure:2338: result: gcc
configure:2567: checking for C compiler version
configure:2576: gcc --version >&5
gcc (Ubuntu/Linaro 4.4.4-14ubuntu5) 4.4.5
Copyright (C) 2010 Free Software Foundation, Inc.
This is free software; see the source for copying conditions.  There is NO
warranty; not even for MERCHANTABILITY or FITNESS FOR A PARTICULAR PURPOSE.

configure:2587: $? = 0
configure:2576: gcc -v >&5
Using built-in specs.
Target: x86_64-linux-gnu
Configured with: ../src/configure -v --with-pkgversion='Ubuntu/Linaro 4.4.4-14ubuntu5' --with-bugurl=file:///usr/share/doc/gcc-4.4/README.Bugs --enable-languages=c,c++,fortran,objc,obj-c++ --prefix=/usr --program-suffix=-4.4 --enable-shared --enable-multiarch --enable-linker-build-id --with-system-zlib --libexecdir=/usr/lib --without-included-gettext --enable-threads=posix --with-gxx-include-dir=/usr/include/c++/4.4 --libdir=/usr/lib --enable-nls --with-sysroot=/ --enable-clocale=gnu --enable-libstdcxx-debug --enable-objc-gc --disable-werror --with-arch-32=i686 --with-tune=generic --enable-checking=release --build=x86_64-linux-gnu --host=x86_64-linux-gnu --target=x86_64-linux-gnu
Thread model: posix
gcc version 4.4.5 (Ubuntu/Linaro 4.4.4-14ubuntu5) 
configure:2587: $? = 0
configure:2576: gcc -V >&5
gcc: '-V' option must have argument
configure:2587: $? = 1
configure:2576: gcc -qversion >&5
gcc: unrecognized option '-qversion'
gcc: no input files
configure:2587: $? = 1
configure:2607: checking whether the C compiler works
configure:2629: gcc    conftest.c  >&5
configure:2633: $? = 0
configure:2681: result: yes
configure:2684: checking for C compiler default output file name
configure:2686: result: a.out
configure:2692: checking for suffix of executables
configure:2699: gcc -o conftest    conftest.c  >&5
configure:2703: $? = 0
configure:2725: result: 
configure:2747: checking whether we are cross compiling
configure:2755: gcc -o conftest    conftest.c  >&5
configure:2759: $? = 0
configure:2766: ./conftest
configure:2770: $? = 0
configure:2785: result: no
configure:2790: checking for suffix of object files
configure:2812: gcc -c   conftest.c >&5
configure:2816: $? = 0
configure:2837: result: o
configure:2841: checking whether we are using the GNU C compiler
configure:2860: gcc -c   conftest.c >&5
configure:2860: $? = 0
configure:2869: result: yes
configure:2878: checking whether gcc accepts -g
configure:2898: gcc -c -g  conftest.c >&5
configure:2898: $? = 0
configure:2939: result: yes
configure:2956: checking for gcc option to accept ISO C89
configure:3020: gcc  -c -g -O2  conftest.c >&5
configure:3020: $? = 0
configure:3033: result: none needed
configure:3064: checking for style of include used by make
configure:3092: result: GNU
configure:3117: checking dependency style of gcc
configure:3227: result: gcc3
configure:3372: creating ./config.status

## ---------------------- ##
## Running config.status. ##
## ---------------------- ##

This file was extended by DISD config.status 0.0.1, which was
generated by GNU Autoconf 2.67.  Invocation command line was

  CONFIG_FILES    = 
  CONFIG_HEADERS  = 
  CONFIG_LINKS    = 
  CONFIG_COMMANDS = 
  $ ./config.status 

on i4k-H34

config.status:844: creating Makefile
config.status:844: creating src/Makefile
config.status:844: creating config.h
config.status:1072: executing depfiles commands

## ---------------- ##
## Cache variables. ##
## ---------------- ##

ac_cv_c_compiler_gnu=yes
ac_cv_env_CC_set=
ac_cv_env_CC_value=
ac_cv_env_CFLAGS_set=
ac_cv_env_CFLAGS_value=
ac_cv_env_CPPFLAGS_set=
ac_cv_env_CPPFLAGS_value=
ac_cv_env_LDFLAGS_set=
ac_cv_env_LDFLAGS_value=
ac_cv_env_LIBS_set=
ac_cv_env_LIBS_value=
ac_cv_env_build_alias_set=
ac_cv_env_build_alias_value=
ac_cv_env_host_alias_set=
ac_cv_env_host_alias_value=
ac_cv_env_target_alias_set=
ac_cv_env_target_alias_value=
ac_cv_objext=o
ac_cv_path_install='/usr/bin/install -c'
ac_cv_path_mkdir=/bin/mkdir
ac_cv_prog_AWK=gawk
ac_cv_prog_ac_ct_CC=gcc
ac_cv_prog_cc_c89=
ac_cv_prog_cc_g=yes
ac_cv_prog_make_make_set=yes
am_cv_CC_dependencies_compiler_type=gcc3

## ----------------- ##
## Output variables. ##
## ----------------- ##

ACLOCAL='${SHELL} /home/natel/coding/white/projetos/disd/missing --run aclocal-1.11'
AMDEPBACKSLASH='\'
AMDEP_FALSE='#'
AMDEP_TRUE=''
AMTAR='${SHELL} /home/natel/coding/white/projetos/disd/missing --run tar'
AUTOCONF='${SHELL} /home/natel/coding/white/projetos/disd/missing --run autoconf'
AUTOHEADER='${SHELL} /home/natel/coding/white/projetos/disd/missing --run autoheader'
AUTOMAKE='${SHELL} /home/natel/coding/white/projetos/disd/missing --run automake-1.11'
AWK='gawk'
CC='gcc'
CCDEPMODE='depmode=gcc3'
CFLAGS='-g -O2'
CPPFLAGS=''
CYGPATH_W='echo'
DEFS='-DHAVE_CONFIG_H'
DEPDIR='.deps'
ECHO_C=''
ECHO_N='-n'
ECHO_T=''
EXEEXT=''
INSTALL_DATA='${INSTALL} -m 644'
INSTALL_PROGRAM='${INSTALL}'
INSTALL_SCRIPT='${INSTALL}'
INSTALL_STRIP_PROGRAM='$(install_sh) -c -s'
LDFLAGS=''
LIBOBJS=''
LIBS=''
LTLIBOBJS=''
MAKEINFO='${SHELL} /home/natel/coding/white/projetos/disd/missing --run makeinfo'
MKDIR_P='/bin/mkdir -p'
OBJEXT='o'
PACKAGE='disd'
PACKAGE_BUGREPORT='tiago4orion@gmail.com'
PACKAGE_NAME='DISD'
PACKAGE_STRING='DISD 0.0.1'
PACKAGE_TARNAME='disd'
PACKAGE_URL=''
PACKAGE_VERSION='0.0.1'
PATH_SEPARATOR=':'
SET_MAKE=''
SHELL='/bin/bash'
STRIP=''
VERSION='0.0.1'
ac_ct_CC='gcc'
am__EXEEXT_FALSE=''
am__EXEEXT_TRUE='#'
am__fastdepCC_FALSE='#'
am__fastdepCC_TRUE=''
am__include='include'
am__isrc=''
am__leading_dot='.'
am__quote=''
am__tar='${AMTAR} chof - "$$tardir"'
am__untar='${AMTAR} xf -'
bindir='${exec_prefix}/bin'
build_alias=''
datadir='${datarootdir}'
datarootdir='${prefix}/share'
docdir='${datarootdir}/doc/${PACKAGE_TARNAME}'
dvidir='${docdir}'
exec_prefix='${prefix}'
host_alias=''
htmldir='${docdir}'
includedir='${prefix}/include'
infodir='${datarootdir}/info'
install_sh='${SHELL} /home/natel/coding/white/projetos/disd/install-sh'
libdir='${exec_prefix}/lib'
libexecdir='${exec_prefix}/libexec'
localedir='${datarootdir}/locale'
localstatedir='${prefix}/var'
mandir='${datarootdir}/man'
mkdir_p='/bin/mkdir -p'
oldincludedir='/usr/include'
pdfdir='${docdir}'
prefix='/usr/local'
program_transform_name='s,x,x,'
psdir='${docdir}'
sbindir='${exec_prefix}/sbin'
sharedstatedir='${prefix}/com'
sysconfdir='${prefix}/etc'
target_alias=''

## ----------- ##
## confdefs.h. ##
## ----------- ##

/* confdefs.h */
#define PACKAGE_NAME "DISD"
#define PACKAGE_TARNAME "disd"
#define PACKAGE_VERSION "0.0.1"
#define PACKAGE_STRING "DISD 0.0.1"
#define PACKAGE_BUGREPORT "tiago4orion@gmail.com"
#define PACKAGE_URL ""
#define PACKAGE "disd"
#define VERSION "0.0.1"

configure: exit 0
